
 Running default procedure: MULTI000

 PROGRAM * ALASKA (Gradient of the energy)     Author: R. Lindh

 MCSCF information from       5000.1
 Orbitals from record         2140.2

 Number of closed-shell orbitals:  2 (  2 )
 Number of active orbitals:        8 (  8 )
 Number of occupied orbitals:     10 ( 10 )

 Number of electrons= 14     Singlet     Space symmetry=1      Wavefunction type: MCSCF           


 MC GRADIENT FOR STATE 1.1

 Atom          dE/dx               dE/dy               dE/dz

   1         0.000000000         0.000000000         0.063018503
   2        -0.000000000        -0.000000000        -0.063018503

 Nuclear force contribution to virial =        -0.129799603
 Reading points  1 to  1 from record 700.2,  wavefunction type=MULTI000        

 Making model hessian for Z-matrix coordinates
 No hessian update for point  1

 Entering Rational Function Geometry Optimization

 Optimization point 1

 Variable                      Last           Current        Next           Gradient       Hessian

 E(MULTI000) / Hartree       0.00000000  -109.09885297  -109.10029492
 R / BOHR                    0.00000000     2.05970623     2.10537367    -0.06301850     1.37706603
 Convergence:                0.00000000  (line search)     0.04566744     0.06301850  (total)

 Geometry written to block  2 of record 700


 Recomputing integrals since geometry changed


 PROGRAM * SEWARD (Integral evaluation for generally contracted gaussian basis sets)     Author: Roland Lindh, 1990

 Geometry written to block  2 of record 700

 Orientation using atomic masses  
 Molecule type: Linear
 Rotational constants:      58.1367458     58.1367458      0.0000000 GHz  (calculated with average atomic masses)

 Point group  C1  



 ATOMIC COORDINATES

 NR  ATOM    CHARGE       X              Y              Z

   1  N1      7.00    0.000000000    0.000000000   -1.052686834
   2  N2      7.00    0.000000000    0.000000000    1.052686834

 Bond lengths in Bohr (Angstrom)

 1-2  2.105373667
     ( 1.114115765)


 BASIS DATA

   Nr Sym  Nuc  Type         Exponents   Contraction coefficients

    1.1 A     1  1s        4173.511500     0.001835
                            627.457910     0.013995
                            142.902090     0.068587
                             40.234329     0.232241
                             12.820213     0.469070
                              4.390437     0.360455
    2.1 A     1  1s          11.626362    -0.114961
                              2.716280    -0.169117
                              0.772218     1.145852
    3.1 A     1  1s           0.212032     1.000000
    4.1 A     1  1s           0.063900     1.000000
    5.1 A     1  2px         11.626362     0.067580
                              2.716280     0.323907
                              0.772218     0.740895
    6.1 A     1  2py         11.626362     0.067580
                              2.716280     0.323907
                              0.772218     0.740895
    7.1 A     1  2pz         11.626362     0.067580
                              2.716280     0.323907
                              0.772218     0.740895
    8.1 A     1  2px          0.212032     1.000000
    9.1 A     1  2py          0.212032     1.000000
   10.1 A     1  2pz          0.212032     1.000000
   11.1 A     1  2px          0.063900     1.000000
   12.1 A     1  2py          0.063900     1.000000
   13.1 A     1  2pz          0.063900     1.000000
   14.1 A     1  3d0          1.600000     1.000000
   15.1 A     1  3d2-         1.600000     1.000000
   16.1 A     1  3d1+         1.600000     1.000000
   17.1 A     1  3d2+         1.600000     1.000000
   18.1 A     1  3d1-         1.600000     1.000000
   19.1 A     1  3d0          0.400000     1.000000
   20.1 A     1  3d2-         0.400000     1.000000
   21.1 A     1  3d1+         0.400000     1.000000
   22.1 A     1  3d2+         0.400000     1.000000
   23.1 A     1  3d1-         0.400000     1.000000
   24.1 A     2  1s        4173.511500     0.001835
                            627.457910     0.013995
                            142.902090     0.068587
                             40.234329     0.232241
                             12.820213     0.469070
                              4.390437     0.360455
   25.1 A     2  1s          11.626362    -0.114961
                              2.716280    -0.169117
                              0.772218     1.145852
   26.1 A     2  1s           0.212032     1.000000
   27.1 A     2  1s           0.063900     1.000000
   28.1 A     2  2px         11.626362     0.067580
                              2.716280     0.323907
                              0.772218     0.740895
   29.1 A     2  2py         11.626362     0.067580
                              2.716280     0.323907
                              0.772218     0.740895
   30.1 A     2  2pz         11.626362     0.067580
                              2.716280     0.323907
                              0.772218     0.740895
   31.1 A     2  2px          0.212032     1.000000
   32.1 A     2  2py          0.212032     1.000000
   33.1 A     2  2pz          0.212032     1.000000
   34.1 A     2  2px          0.063900     1.000000
   35.1 A     2  2py          0.063900     1.000000
   36.1 A     2  2pz          0.063900     1.000000
   37.1 A     2  3d0          1.600000     1.000000
   38.1 A     2  3d2-         1.600000     1.000000
   39.1 A     2  3d1+         1.600000     1.000000
   40.1 A     2  3d2+         1.600000     1.000000
   41.1 A     2  3d1-         1.600000     1.000000
   42.1 A     2  3d0          0.400000     1.000000
   43.1 A     2  3d2-         0.400000     1.000000
   44.1 A     2  3d1+         0.400000     1.000000
   45.1 A     2  3d2+         0.400000     1.000000
   46.1 A     2  3d1-         0.400000     1.000000

 NUCLEAR CHARGE:                   14
 NUMBER OF PRIMITIVE AOS:          76
 NUMBER OF SYMMETRY AOS:           72
 NUMBER OF CONTRACTIONS:           46   (  46A   )
 NUMBER OF CORE ORBITALS:           2   (   2A   )
 NUMBER OF VALENCE ORBITALS:        8   (   8A   )


 NUCLEAR REPULSION ENERGY   23.27377831

 EXTRA SYMMETRY OF AOS IN SYMMETRY 1:   1 1 1 1 2 3 1 2 3 1   2 3 1 1 4 2 5 3 1 4   2 5 3 1 1 1 1 2 3 1   2 3 1 2 3 1 1 4 2 5
                                        3 1 4 2 5 3

 Eigenvalues of metric

         1 0.254E-03 0.147E-02 0.349E-01 0.349E-01 0.574E-01 0.105E+00 0.110E+00 0.110E+00


 Contracted 2-electron integrals neglected if value below      1.0D-11
 AO integral compression algorithm  1   Integral accuracy      1.0D-11

     2.097 MB (compressed) written to integral file ( 19.7%)

     Node minimum: 0.524 MB, node maximum: 0.524 MB


 NUMBER OF SORTED TWO-ELECTRON INTEGRALS:     146340.     BUFFER LENGTH:  32768
 NUMBER OF SEGMENTS:   1  SEGMENT LENGTH:     146340      RECORD LENGTH: 524288

 Memory used in sort:       0.70 MW

 SORT1 READ      893019. AND WROTE       32044. INTEGRALS IN      1 RECORDS. CPU TIME:     0.00 SEC, REAL TIME:     0.01 SEC
 SORT2 READ      129929. AND WROTE      584821. INTEGRALS IN      8 RECORDS. CPU TIME:     0.01 SEC, REAL TIME:     0.01 SEC

 Node minimum:      145800.  Node maximum:      146611. integrals

 OPERATOR DM      FOR CENTER  0  COORDINATES:    0.000000    0.000000    0.000000

 PROGRAM * MULTI (Direct Multiconfiguration SCF)       Authors: P.J. Knowles, H.-J. Werner (1984)     S.T. Elbert (1988)



 Number of closed-shell orbitals:   2 (   2 )
 Number of active  orbitals:        8 (   8 )
 Number of external orbitals:      36 (  36 )

 State symmetry 1

 Number of electrons:    10    Spin symmetry=Singlet   Space symmetry=1
 Number of states:        1
 Number of CSFs:       1176   (3136 determinants, 3136 intermediate states)

 Molecular orbitals read from record     2140.2  Type=MCSCF/NATURAL (state 1.1)

 EXTRA SYMMETRY OF MOS IN SYMMETRY 1:   1 1 1 1 1 2 3 2 3 1   1 1 2 3 3 2 1 1 1 1   4 5 2 3 2 3 1 2 3 4   5 1 3 2 1 1 2 3 1 4
                                        5 4 5 2 3 1

 Wavefunction dump at record             2140.2

 Convergence thresholds  0.10E-04 (gradient)  0.10E-07 (energy)  0.10E-02 (step length)

 Number of orbital rotations:      376   (    16 Core/Active     72 Core/Virtual   0 Active/Active    288 Active/Virtual)
 Total number of variables:       3512


 ITER. MIC  NCI  NEG     ENERGY(VAR)     ENERGY(PROJ)   ENERGY CHANGE     GRAD(0)  GRAD(ORB)   GRAD(CI)     STEP       TIME

   1   20   26    0    -109.09962881    -109.10005667   -0.00042786    0.04660839 0.00000049 0.00000391  0.13D-01      0.10
   2   18   21    0    -109.10005758    -109.10005759   -0.00000001    0.00014621 0.00000000 0.00000004  0.50D-04      0.17

 ** WVFN ****  CONVERGENCE REACHED, FINAL GRADIENT:  0.38D-08

 Gradient information for state 1.1 saved on record      5000.1


 First order charge density matrix for state 1.1 saved on record  2140.2 (density set 1)

 Results for state 1.1
 =====================

 !MCSCF STATE 1.1 Energy             -109.100057586168
 Nuclear energy                        23.27377831
 Kinetic energy                       108.85315621
 One electron energy                 -193.65718843
 Two electron energy                   61.28335253
 Virial ratio                           2.00226821

 !MCSCF STATE 1.1 Dipole moment         0.00000000     0.00000000    -0.00000000
 Dipole moment /Debye                   0.00000000     0.00000000    -0.00000000


 NATURAL ORBITALS
 ================

   Orb     Occ        Energy       Coefficients

                                   1 1s      1 1s      1 1s      1 1s      1 2px     1 2py     1 2pz     1 2px     1 2py     1 2pz  
                                   1 2px     1 2py     1 2pz     1 3d0     1 3d2-    1 3d1+    1 3d2+    1 3d1-    1 3d0     1 3d2- 
                                   1 3d1+    1 3d2+    1 3d1-    2 1s      2 1s      2 1s      2 1s      2 2px     2 2py     2 2pz  
                                   2 2px     2 2py     2 2pz     2 2px     2 2py     2 2pz     2 3d0     2 3d2-    2 3d1+    2 3d2+ 
                                   2 3d1-    2 3d0     2 3d2-    2 3d1+    2 3d2+    2 3d1- 

   1.1  2.00000   -15.649647     0.707877  0.008934 -0.024838  0.040803  0.000000  0.000000  0.007306  0.000000  0.000000 -0.001965
                                 0.000000  0.000000  0.010948  0.001039  0.000000  0.000000  0.000000  0.000000  0.000475  0.000000
                                 0.000000  0.000000  0.000000 -0.707877 -0.008934  0.024838 -0.040803  0.000000  0.000000  0.007306
                                 0.000000  0.000000 -0.001965  0.000000  0.000000  0.010948 -0.001039  0.000000  0.000000  0.000000
                                 0.000000 -0.000475  0.000000  0.000000  0.000000  0.000000

   2.1  2.00000   -15.627548     0.710350  0.003163 -0.021892 -0.000236  0.000000  0.000000  0.012108  0.000000  0.000000  0.003748
                                 0.000000  0.000000  0.001605  0.000638  0.000000  0.000000  0.000000  0.000000 -0.001998  0.000000
                                 0.000000  0.000000  0.000000  0.710350  0.003163 -0.021892 -0.000236  0.000000  0.000000 -0.012108
                                 0.000000  0.000000 -0.003748  0.000000  0.000000 -0.001605  0.000638  0.000000  0.000000  0.000000
                                 0.000000 -0.001998  0.000000  0.000000  0.000000  0.000000

   3.1  1.99592    -1.119442    -0.121047  0.322537  0.340071  0.020119  0.000000  0.000000 -0.137275  0.000000  0.000000 -0.100528
                                 0.000000  0.000000 -0.008352  0.002666  0.000000  0.000000  0.000000  0.000000  0.004762  0.000000
                                 0.000000  0.000000  0.000000 -0.121047  0.322537  0.340071  0.020119  0.000000  0.000000  0.137275
                                 0.000000  0.000000  0.100528  0.000000  0.000000  0.008352  0.002666  0.000000  0.000000  0.000000
                                 0.000000  0.004762  0.000000  0.000000  0.000000  0.000000

   4.1  1.98964    -0.775734    -0.129063  0.335828  0.488478 -0.288665  0.000000  0.000000 -0.207310  0.000000  0.000000 -0.071614
                                 0.000000  0.000000 -0.087638 -0.005260  0.000000  0.000000  0.000000  0.000000 -0.007421  0.000000
                                 0.000000  0.000000  0.000000  0.129063 -0.335828 -0.488478  0.288665  0.000000  0.000000 -0.207310
                                 0.000000  0.000000 -0.071614  0.000000  0.000000 -0.087638  0.005260  0.000000  0.000000  0.000000
                                 0.000000  0.007421  0.000000  0.000000  0.000000  0.000000

   5.1  1.98136    -0.966853    -0.069424  0.145130 -0.077188 -0.039693  0.000000  0.000000  0.493914  0.000000  0.000000  0.160781
                                 0.000000  0.000000  0.000076  0.025755  0.000000  0.000000  0.000000  0.000000  0.009402  0.000000
                                 0.000000  0.000000  0.000000 -0.069424  0.145130 -0.077188 -0.039693  0.000000  0.000000 -0.493914
                                 0.000000  0.000000 -0.160781  0.000000  0.000000 -0.000076  0.025755  0.000000  0.000000  0.000000
                                 0.000000  0.009402  0.000000  0.000000  0.000000  0.000000

   6.1  1.93835    -0.583970     0.000000  0.000000  0.000000  0.000000 -0.000000  0.446337  0.000000 -0.000000  0.230166  0.000000
                                -0.000000  0.008394  0.000000  0.000000  0.000000 -0.000000  0.000000  0.022564  0.000000  0.000000
                                -0.000000  0.000000  0.034961  0.000000  0.000000  0.000000  0.000000 -0.000000  0.446337  0.000000
                                -0.000000  0.230166  0.000000 -0.000000  0.008394  0.000000  0.000000  0.000000  0.000000  0.000000
                                -0.022564  0.000000  0.000000  0.000000  0.000000 -0.034961

   7.1  1.93835    -0.583970     0.000000  0.000000  0.000000  0.000000  0.446337  0.000000  0.000000  0.230166  0.000000  0.000000
                                 0.008394  0.000000  0.000000  0.000000  0.000000  0.022564  0.000000  0.000000  0.000000  0.000000
                                 0.034961  0.000000  0.000000  0.000000  0.000000  0.000000  0.000000  0.446337  0.000000  0.000000
                                 0.230166  0.000000  0.000000  0.008394  0.000000  0.000000  0.000000  0.000000 -0.022564  0.000000
                                -0.000000  0.000000  0.000000 -0.034961  0.000000 -0.000000

   8.1  0.06800     0.274199     0.000000  0.000000  0.000000  0.000000  0.150073 -0.659086  0.000000  0.052748 -0.231658  0.000000
                                -0.008222  0.036111  0.000000  0.000000  0.000000  0.000641  0.000000 -0.002814  0.000000  0.000000
                                 0.001898  0.000000 -0.008334  0.000000  0.000000  0.000000  0.000000 -0.150073  0.659086  0.000000
                                -0.052748  0.231658  0.000000  0.008222 -0.036111  0.000000  0.000000  0.000000  0.000641  0.000000
                                -0.002814  0.000000  0.000000  0.001898  0.000000 -0.008334

   9.1  0.06800     0.274199     0.000000  0.000000  0.000000  0.000000  0.659086  0.150073  0.000000  0.231658  0.052748  0.000000
                                -0.036111 -0.008222  0.000000  0.000000  0.000000  0.002814  0.000000  0.000641  0.000000  0.000000
                                 0.008334  0.000000  0.001898  0.000000  0.000000  0.000000  0.000000 -0.659086 -0.150073  0.000000
                                -0.231658 -0.052748  0.000000  0.036111  0.008222  0.000000  0.000000  0.000000  0.002814  0.000000
                                 0.000641  0.000000  0.000000  0.008334  0.000000  0.001898

  10.1  0.02039     1.160879    -0.091081  0.536174  0.581644 -0.361092  0.000000  0.000000  0.887830  0.000000  0.000000  0.299252
                                 0.000000  0.000000 -0.104972  0.004482  0.000000  0.000000  0.000000  0.000000  0.003944  0.000000
                                 0.000000  0.000000  0.000000  0.091081 -0.536174 -0.581644  0.361092  0.000000  0.000000  0.887830
                                 0.000000  0.000000  0.299252  0.000000  0.000000 -0.104972 -0.004482  0.000000  0.000000  0.000000
                                 0.000000 -0.003944  0.000000  0.000000  0.000000  0.000000

 *** IN SYMMETRY 1 ORBITAL  8 SYMMETRY CONTAMINATION OF 0.185D+00 HAS BEEN REMOVED
 *** IN SYMMETRY 1 ORBITAL  9 SYMMETRY CONTAMINATION OF 0.185D+00 HAS BEEN REMOVED

 EXTRA SYMMETRY OF MOS IN SYMMETRY 1:   1 1 1 1 1 3 2 3 2 1   1 1 2 3 2 3 1 1 1 4   5 1 2 3 2 3 1 2 3 4   5 1 2 3 1 1 3 2 1 4
                                        5 4 5 2 3 1

 Natural orbital dump at molpro section  2140.2    (Orbital set 2)


 CI vector
 =========

 22222000      0.9617604
 22220020     -0.1173452
 22202200     -0.1173452
 222baab0      0.0746735
 222abba0      0.0746735

 TOTAL ENERGIES                      -109.10005759



 **********************************************************************************************************************************
 DATASETS  * FILE   NREC   LENGTH (MB)   RECORD NAMES
              1      20       21.40       500      610      700      900      950      970     1000      129      960     1100   
                                          VAR    BASINP    GEOM    SYMINP    ZMAT    AOBASIS   BASIS     P2S    ABASIS      S 
                                         1400     1410     1200     1210     1080     1600     1650     1700     1380     5000   
                                           T        V       H0       H01     AOSYM     SMH    MOLCAS    OPER     JKOP    MCGRAD    

              2       5        5.38       700     1000      520     2100     2140   
                                         GEOM     BASIS   MCVARS     RHF     MCSCF   

 PROGRAMS   *        TOTAL     MULTI     MULTI        HF       INT
 CPU TIMES  *         2.03      0.32      0.47      0.06      0.19
 REAL TIME  *         2.77 SEC
 DISK USED  *       124.95 MB      
 SF USED    *        10.33 MB      
 GA USED    *         0.00 MB       (max)       0.00 MB       (current)
 **********************************************************************************************************************************

 PROGRESS OF GEOMETRY OPTIMIZATION.    TOTAL CPU:         1.2 SEC
   1  -109.09885297  -109.10005759    -0.00120461  0.06301850  0.06301850  0.06301850  0.04566744  0.04566744  0.04566744

 **********************************************************************************************************************************

 Current geometry (xyz format, in Angstrom)

    2
 MULTI000/6-31++G(2D,2P)  ENERGY=-109.10005759
 N          0.0000000000        0.0000000000       -0.5570578826
 N          0.0000000000        0.0000000000        0.5570578826

 **********************************************************************************************************************************

 Current variables
 R=                   2.10537367 BOHR

 **********************************************************************************************************************************

 PROGRAM * ALASKA (Gradient of the energy)     Author: R. Lindh

 MCSCF information from       5000.1
 Orbitals from record         2140.2

 Number of closed-shell orbitals:  2 (  2 )
 Number of active orbitals:        8 (  8 )
 Number of occupied orbitals:     10 ( 10 )

 Number of electrons= 14     Singlet     Space symmetry=1      Wavefunction type: MCSCF           


 MC GRADIENT FOR STATE 1.1

 Atom          dE/dx               dE/dy               dE/dz

   1         0.000000000         0.000000000        -0.008162287
   2        -0.000000000        -0.000000000         0.008162287

 Nuclear force contribution to virial =         0.017184664
 Reading points  1 to  2 from record 700.2,  wavefunction type=MULTI000        

 Making model hessian for Z-matrix coordinates
 BFGS update of hessian using  1 points

 Entering Rational Function Geometry Optimization

 Optimization point 2

 Variable                      Last           Current        Next           Gradient       Hessian

 E(MULTI000) / Hartree    -109.09885297  -109.10005759  -109.10007896
 R / BOHR                    2.05970623     2.10537367     2.10013713     0.00816229     1.55867712
 Convergence:                0.00000000  (line search)     0.00523653     0.00816229  (total)

 Geometry written to block  3 of record 700


 Recomputing integrals since geometry changed


 PROGRAM * SEWARD (Integral evaluation for generally contracted gaussian basis sets)     Author: Roland Lindh, 1990

 Geometry written to block  3 of record 700

 Orientation using atomic masses  
 Molecule type: Linear
 Rotational constants:      58.4270264     58.4270264      0.0000000 GHz  (calculated with average atomic masses)

 Point group  C1  



 ATOMIC COORDINATES

 NR  ATOM    CHARGE       X              Y              Z

   1  N1      7.00    0.000000000    0.000000000   -1.050068567
   2  N2      7.00    0.000000000    0.000000000    1.050068567

 Bond lengths in Bohr (Angstrom)

 1-2  2.100137135
     ( 1.111344712)


 BASIS DATA

   Nr Sym  Nuc  Type         Exponents   Contraction coefficients

    1.1 A     1  1s        4173.511500     0.001835
                            627.457910     0.013995
                            142.902090     0.068587
                             40.234329     0.232241
                             12.820213     0.469070
                              4.390437     0.360455
    2.1 A     1  1s          11.626362    -0.114961
                              2.716280    -0.169117
                              0.772218     1.145852
    3.1 A     1  1s           0.212032     1.000000
    4.1 A     1  1s           0.063900     1.000000
    5.1 A     1  2px         11.626362     0.067580
                              2.716280     0.323907
                              0.772218     0.740895
    6.1 A     1  2py         11.626362     0.067580
                              2.716280     0.323907
                              0.772218     0.740895
    7.1 A     1  2pz         11.626362     0.067580
                              2.716280     0.323907
                              0.772218     0.740895
    8.1 A     1  2px          0.212032     1.000000
    9.1 A     1  2py          0.212032     1.000000
   10.1 A     1  2pz          0.212032     1.000000
   11.1 A     1  2px          0.063900     1.000000
   12.1 A     1  2py          0.063900     1.000000
   13.1 A     1  2pz          0.063900     1.000000
   14.1 A     1  3d0          1.600000     1.000000
   15.1 A     1  3d2-         1.600000     1.000000
   16.1 A     1  3d1+         1.600000     1.000000
   17.1 A     1  3d2+         1.600000     1.000000
   18.1 A     1  3d1-         1.600000     1.000000
   19.1 A     1  3d0          0.400000     1.000000
   20.1 A     1  3d2-         0.400000     1.000000
   21.1 A     1  3d1+         0.400000     1.000000
   22.1 A     1  3d2+         0.400000     1.000000
   23.1 A     1  3d1-         0.400000     1.000000
   24.1 A     2  1s        4173.511500     0.001835
                            627.457910     0.013995
                            142.902090     0.068587
                             40.234329     0.232241
                             12.820213     0.469070
                              4.390437     0.360455
   25.1 A     2  1s          11.626362    -0.114961
                              2.716280    -0.169117
                              0.772218     1.145852
   26.1 A     2  1s           0.212032     1.000000
   27.1 A     2  1s           0.063900     1.000000
   28.1 A     2  2px         11.626362     0.067580
                              2.716280     0.323907
                              0.772218     0.740895
   29.1 A     2  2py         11.626362     0.067580
                              2.716280     0.323907
                              0.772218     0.740895
   30.1 A     2  2pz         11.626362     0.067580
                              2.716280     0.323907
                              0.772218     0.740895
   31.1 A     2  2px          0.212032     1.000000
   32.1 A     2  2py          0.212032     1.000000
   33.1 A     2  2pz          0.212032     1.000000
   34.1 A     2  2px          0.063900     1.000000
   35.1 A     2  2py          0.063900     1.000000
   36.1 A     2  2pz          0.063900     1.000000
   37.1 A     2  3d0          1.600000     1.000000
   38.1 A     2  3d2-         1.600000     1.000000
   39.1 A     2  3d1+         1.600000     1.000000
   40.1 A     2  3d2+         1.600000     1.000000
   41.1 A     2  3d1-         1.600000     1.000000
   42.1 A     2  3d0          0.400000     1.000000
   43.1 A     2  3d2-         0.400000     1.000000
   44.1 A     2  3d1+         0.400000     1.000000
   45.1 A     2  3d2+         0.400000     1.000000
   46.1 A     2  3d1-         0.400000     1.000000

 NUCLEAR CHARGE:                   14
 NUMBER OF PRIMITIVE AOS:          76
 NUMBER OF SYMMETRY AOS:           72
 NUMBER OF CONTRACTIONS:           46   (  46A   )
 NUMBER OF CORE ORBITALS:           2   (   2A   )
 NUMBER OF VALENCE ORBITALS:        8   (   8A   )


 NUCLEAR REPULSION ENERGY   23.33180971

 EXTRA SYMMETRY OF AOS IN SYMMETRY 1:   1 1 1 1 2 3 1 2 3 1   2 3 1 1 4 2 5 3 1 4   2 5 3 1 1 1 1 2 3 1   2 3 1 2 3 1 1 4 2 5
                                        3 1 4 2 5 3

 Eigenvalues of metric

         1 0.250E-03 0.145E-02 0.346E-01 0.346E-01 0.569E-01 0.105E+00 0.110E+00 0.110E+00


 Contracted 2-electron integrals neglected if value below      1.0D-11
 AO integral compression algorithm  1   Integral accuracy      1.0D-11

     1.835 MB (compressed) written to integral file ( 23.4%)

     Node minimum: 0.262 MB, node maximum: 0.524 MB


 NUMBER OF SORTED TWO-ELECTRON INTEGRALS:     146340.     BUFFER LENGTH:  32768
 NUMBER OF SEGMENTS:   1  SEGMENT LENGTH:     146340      RECORD LENGTH: 524288

 Memory used in sort:       0.70 MW

 SORT1 READ      893019. AND WROTE       32044. INTEGRALS IN      1 RECORDS. CPU TIME:     0.01 SEC, REAL TIME:     0.01 SEC
 SORT2 READ      129929. AND WROTE      584821. INTEGRALS IN      4 RECORDS. CPU TIME:     0.01 SEC, REAL TIME:     0.01 SEC

 Node minimum:      145800.  Node maximum:      146611. integrals

 OPERATOR DM      FOR CENTER  0  COORDINATES:    0.000000    0.000000    0.000000

 PROGRAM * MULTI (Direct Multiconfiguration SCF)       Authors: P.J. Knowles, H.-J. Werner (1984)     S.T. Elbert (1988)



 Number of closed-shell orbitals:   2 (   2 )
 Number of active  orbitals:        8 (   8 )
 Number of external orbitals:      36 (  36 )

 State symmetry 1

 Number of electrons:    10    Spin symmetry=Singlet   Space symmetry=1
 Number of states:        1
 Number of CSFs:       1176   (3136 determinants, 3136 intermediate states)

 Molecular orbitals read from record     2140.2  Type=MCSCF/NATURAL (state 1.1)

 EXTRA SYMMETRY OF MOS IN SYMMETRY 1:   1 1 1 1 1 3 2 3 2 1   1 1 2 3 2 3 1 1 1 4   5 1 2 3 2 3 1 2 3 4   5 1 2 3 1 1 3 2 1 4
                                        5 4 5 2 3 1

 Wavefunction dump at record             2140.2

 Convergence thresholds  0.10E-04 (gradient)  0.10E-07 (energy)  0.10E-02 (step length)

 Number of orbital rotations:      376   (    16 Core/Active     72 Core/Virtual   0 Active/Active    288 Active/Virtual)
 Total number of variables:       3512


 ITER. MIC  NCI  NEG     ENERGY(VAR)     ENERGY(PROJ)   ENERGY CHANGE     GRAD(0)  GRAD(ORB)   GRAD(CI)     STEP       TIME

   1   18   24    0    -109.10007524    -109.10008067   -0.00000543    0.00524110 0.00000006 0.00000045  0.15D-02      0.08
   2   18   11    0    -109.10008067    -109.10008067   -0.00000000    0.00000183 0.00000000 0.00000002  0.60D-06      0.13

 ** WVFN ****  CONVERGENCE REACHED, FINAL GRADIENT:  0.25D-08

 Gradient information for state 1.1 saved on record      5000.1


 First order charge density matrix for state 1.1 saved on record  2140.2 (density set 1)

 Results for state 1.1
 =====================

 !MCSCF STATE 1.1 Energy             -109.100080669676
 Nuclear energy                        23.33180971
 Kinetic energy                       108.86812615
 One electron energy                 -193.76937342
 Two electron energy                   61.33748304
 Virial ratio                           2.00213060

 !MCSCF STATE 1.1 Dipole moment         0.00000000     0.00000000     0.00000000
 Dipole moment /Debye                   0.00000000     0.00000000     0.00000000


 NATURAL ORBITALS
 ================

   Orb     Occ        Energy       Coefficients

                                   1 1s      1 1s      1 1s      1 1s      1 2px     1 2py     1 2pz     1 2px     1 2py     1 2pz  
                                   1 2px     1 2py     1 2pz     1 3d0     1 3d2-    1 3d1+    1 3d2+    1 3d1-    1 3d0     1 3d2- 
                                   1 3d1+    1 3d2+    1 3d1-    2 1s      2 1s      2 1s      2 1s      2 2px     2 2py     2 2pz  
                                   2 2px     2 2py     2 2pz     2 2px     2 2py     2 2pz     2 3d0     2 3d2-    2 3d1+    2 3d2+ 
                                   2 3d1-    2 3d0     2 3d2-    2 3d1+    2 3d2+    2 3d1- 

   1.1  2.00000   -15.648927     0.707885  0.008948 -0.024898  0.041088  0.000000  0.000000  0.007353  0.000000  0.000000 -0.001952
                                 0.000000  0.000000  0.010998  0.001043  0.000000  0.000000  0.000000  0.000000  0.000483  0.000000
                                 0.000000  0.000000  0.000000 -0.707885 -0.008948  0.024898 -0.041088  0.000000  0.000000  0.007353
                                 0.000000  0.000000 -0.001952  0.000000  0.000000  0.010998 -0.001043  0.000000  0.000000  0.000000
                                 0.000000 -0.000483  0.000000  0.000000  0.000000  0.000000

   2.1  2.00000   -15.626669     0.710354  0.003176 -0.021959 -0.000252  0.000000  0.000000  0.012213  0.000000  0.000000  0.003758
                                 0.000000  0.000000  0.001616  0.000653  0.000000  0.000000  0.000000  0.000000 -0.002017  0.000000
                                 0.000000  0.000000  0.000000  0.710354  0.003176 -0.021959 -0.000252  0.000000  0.000000 -0.012213
                                 0.000000  0.000000 -0.003758  0.000000  0.000000 -0.001616  0.000653  0.000000  0.000000  0.000000
                                 0.000000 -0.002017  0.000000  0.000000  0.000000  0.000000

   3.1  1.99594    -1.119443    -0.120932  0.322215  0.340007  0.020221  0.000000  0.000000 -0.137686  0.000000  0.000000 -0.100675
                                 0.000000  0.000000 -0.008345  0.002632  0.000000  0.000000  0.000000  0.000000  0.004778  0.000000
                                 0.000000  0.000000  0.000000 -0.120932  0.322215  0.340007  0.020221  0.000000  0.000000  0.137686
                                 0.000000  0.000000  0.100675  0.000000  0.000000  0.008345  0.002632  0.000000  0.000000  0.000000
                                 0.000000  0.004778  0.000000  0.000000  0.000000  0.000000

   4.1  1.98968    -0.774998    -0.128917  0.335465  0.488518 -0.290346  0.000000  0.000000 -0.207872  0.000000  0.000000 -0.071987
                                 0.000000  0.000000 -0.087931 -0.005243  0.000000  0.000000  0.000000  0.000000 -0.007470  0.000000
                                 0.000000  0.000000  0.000000  0.128917 -0.335465 -0.488518  0.290346  0.000000  0.000000 -0.207872
                                 0.000000  0.000000 -0.071987  0.000000  0.000000 -0.087931  0.005243  0.000000  0.000000  0.000000
                                 0.000000  0.007470  0.000000  0.000000  0.000000  0.000000

   5.1  1.98155    -0.969602    -0.069904  0.145940 -0.077383 -0.039755  0.000000  0.000000  0.494085  0.000000  0.000000  0.159878
                                 0.000000  0.000000  0.000212  0.025839  0.000000  0.000000  0.000000  0.000000  0.009090  0.000000
                                 0.000000  0.000000  0.000000 -0.069904  0.145940 -0.077383 -0.039755  0.000000  0.000000 -0.494085
                                 0.000000  0.000000 -0.159878  0.000000  0.000000 -0.000212  0.025839  0.000000  0.000000  0.000000
                                 0.000000  0.009090  0.000000  0.000000  0.000000  0.000000

   6.1  1.93884    -0.585265     0.000000  0.000000  0.000000  0.000000 -0.000000  0.446486  0.000000 -0.000000  0.229678  0.000000
                                -0.000000  0.008307  0.000000  0.000000  0.000000 -0.000000  0.000000  0.022691  0.000000  0.000000
                                -0.000000  0.000000  0.034942  0.000000  0.000000  0.000000  0.000000 -0.000000  0.446486  0.000000
                                -0.000000  0.229678  0.000000 -0.000000  0.008307  0.000000  0.000000  0.000000  0.000000  0.000000
                                -0.022691  0.000000  0.000000  0.000000  0.000000 -0.034942

   7.1  1.93884    -0.585265     0.000000  0.000000  0.000000  0.000000  0.446486  0.000000  0.000000  0.229678  0.000000  0.000000
                                 0.008307  0.000000  0.000000  0.000000  0.000000  0.022691  0.000000  0.000000  0.000000  0.000000
                                 0.034942  0.000000  0.000000  0.000000  0.000000  0.000000  0.000000  0.446486  0.000000  0.000000
                                 0.229678  0.000000  0.000000  0.008307  0.000000  0.000000  0.000000  0.000000 -0.022691  0.000000
                                -0.000000  0.000000  0.000000 -0.034942  0.000000 -0.000000

   8.1  0.06749     0.276510     0.000000  0.000000  0.000000  0.000000  0.676145 -0.029308  0.000000  0.236942 -0.010270  0.000000
                                -0.036995  0.001604  0.000000  0.000000  0.000000  0.002904  0.000000 -0.000126  0.000000  0.000000
                                 0.008466  0.000000 -0.000367  0.000000  0.000000  0.000000  0.000000 -0.676145  0.029308  0.000000
                                -0.236942  0.010270  0.000000  0.036995 -0.001604  0.000000  0.000000  0.000000  0.002904  0.000000
                                -0.000126  0.000000  0.000000  0.008466  0.000000 -0.000367

   9.1  0.06749     0.276510     0.000000  0.000000  0.000000  0.000000 -0.029308 -0.676145  0.000000 -0.010270 -0.236942  0.000000
                                 0.001604  0.036995  0.000000  0.000000  0.000000 -0.000126  0.000000 -0.002904  0.000000  0.000000
                                -0.000367  0.000000 -0.008466  0.000000  0.000000  0.000000  0.000000  0.029308  0.676145  0.000000
                                 0.010270  0.236942  0.000000 -0.001604 -0.036995  0.000000  0.000000  0.000000 -0.000126  0.000000
                                -0.002904  0.000000  0.000000 -0.000367  0.000000 -0.008466

  10.1  0.02018     1.169482    -0.090972  0.539935  0.583804 -0.363015  0.000000  0.000000  0.890303  0.000000  0.000000  0.299170
                                 0.000000  0.000000 -0.105221  0.004503  0.000000  0.000000  0.000000  0.000000  0.003975  0.000000
                                 0.000000  0.000000  0.000000  0.090972 -0.539935 -0.583804  0.363015  0.000000  0.000000  0.890303
                                 0.000000  0.000000  0.299170  0.000000  0.000000 -0.105221 -0.004503  0.000000  0.000000  0.000000
                                 0.000000 -0.003975  0.000000  0.000000  0.000000  0.000000

 *** IN SYMMETRY 1 ORBITAL  8 SYMMETRY CONTAMINATION OF 0.415D-01 HAS BEEN REMOVED
 *** IN SYMMETRY 1 ORBITAL  9 SYMMETRY CONTAMINATION OF 0.415D-01 HAS BEEN REMOVED

 EXTRA SYMMETRY OF MOS IN SYMMETRY 1:   1 1 1 1 1 3 2 2 3 1   1 1 3 2 2 3 1 1 1 4   5 1 2 3 2 3 1 3 2 5   4 1 2 3 1 1 2 3 1 4
                                        5 4 5 3 2 1

 Natural orbital dump at molpro section  2140.2    (Orbital set 2)


 CI vector
 =========

 22222000      0.9620538
 22220200     -0.1220860
 22202020     -0.1220860
 222baba0     -0.0796660
 222abab0     -0.0796660

 TOTAL ENERGIES                      -109.10008067



 **********************************************************************************************************************************
 DATASETS  * FILE   NREC   LENGTH (MB)   RECORD NAMES
              1      20       21.40       500      610      700      900      950      970     1000      129      960     1100   
                                          VAR    BASINP    GEOM    SYMINP    ZMAT    AOBASIS   BASIS     P2S    ABASIS      S 
                                         1400     1410     1200     1210     1080     1600     1650     1700     1380     5000   
                                           T        V       H0       H01     AOSYM     SMH    MOLCAS    OPER     JKOP    MCGRAD    

              2       5        5.38       700     1000      520     2100     2140   
                                         GEOM     BASIS   MCVARS     RHF     MCSCF   

 PROGRAMS   *        TOTAL     MULTI     MULTI        HF       INT
 CPU TIMES  *         3.36      0.28      0.47      0.06      0.19
 REAL TIME  *         4.18 SEC
 DISK USED  *       124.95 MB      
 SF USED    *        10.33 MB      
 GA USED    *         0.00 MB       (max)       0.00 MB       (current)
 **********************************************************************************************************************************

 PROGRESS OF GEOMETRY OPTIMIZATION.    TOTAL CPU:         2.5 SEC
   1  -109.09885297  -109.10005759    -0.00120461  0.06301850  0.06301850  0.06301850  0.04566744  0.04566744  0.04566744
   2  -109.10005759  -109.10008067    -0.00002308  0.00816229  0.00816229  0.00816229  0.00523653  0.00523653  0.00523653

 **********************************************************************************************************************************

 Current geometry (xyz format, in Angstrom)

    2
 MULTI000/6-31++G(2D,2P)  ENERGY=-109.10008067
 N          0.0000000000        0.0000000000       -0.5556723558
 N          0.0000000000        0.0000000000        0.5556723558

 **********************************************************************************************************************************

 Current variables
 R=                   2.10013713 BOHR

 **********************************************************************************************************************************

 PROGRAM * ALASKA (Gradient of the energy)     Author: R. Lindh

 MCSCF information from       5000.1
 Orbitals from record         2140.2

 Number of closed-shell orbitals:  2 (  2 )
 Number of active orbitals:        8 (  8 )
 Number of occupied orbitals:     10 ( 10 )

 Number of electrons= 14     Singlet     Space symmetry=1      Wavefunction type: MCSCF           


 MC GRADIENT FOR STATE 1.1

 Atom          dE/dx               dE/dy               dE/dz

   1         0.000000000         0.000000000        -0.000628134
   2        -0.000000000        -0.000000000         0.000628134

 Nuclear force contribution to virial =         0.001319168
 Reading points  1 to  3 from record 700.2,  wavefunction type=MULTI000        

 Making model hessian for Z-matrix coordinates
 BFGS update of hessian using  2 points

 Entering Rational Function Geometry Optimization

 Optimization point 3

 Variable                      Last           Current        Next           Gradient       Hessian

 E(MULTI000) / Hartree    -109.10005759  -109.10008067  -109.10008081
 R / BOHR                    2.10537367     2.10013713     2.09970056     0.00062813     1.43876758
 Convergence:                0.00000000  (line search)     0.00043658     0.00062813  (total)

 Geometry written to block  4 of record 700


 Recomputing integrals since geometry changed


 PROGRAM * SEWARD (Integral evaluation for generally contracted gaussian basis sets)     Author: Roland Lindh, 1990

 Geometry written to block  4 of record 700

 Orientation using atomic masses  
 Molecule type: Linear
 Rotational constants:      58.4513256     58.4513256      0.0000000 GHz  (calculated with average atomic masses)

 Point group  C1  



 ATOMIC COORDINATES

 NR  ATOM    CHARGE       X              Y              Z

   1  N1      7.00    0.000000000    0.000000000   -1.049850279
   2  N2      7.00    0.000000000    0.000000000    1.049850279

 Bond lengths in Bohr (Angstrom)

 1-2  2.099700557
     ( 1.111113685)


 BASIS DATA

   Nr Sym  Nuc  Type         Exponents   Contraction coefficients

    1.1 A     1  1s        4173.511500     0.001835
                            627.457910     0.013995
                            142.902090     0.068587
                             40.234329     0.232241
                             12.820213     0.469070
                              4.390437     0.360455
    2.1 A     1  1s          11.626362    -0.114961
                              2.716280    -0.169117
                              0.772218     1.145852
    3.1 A     1  1s           0.212032     1.000000
    4.1 A     1  1s           0.063900     1.000000
    5.1 A     1  2px         11.626362     0.067580
                              2.716280     0.323907
                              0.772218     0.740895
    6.1 A     1  2py         11.626362     0.067580
                              2.716280     0.323907
                              0.772218     0.740895
    7.1 A     1  2pz         11.626362     0.067580
                              2.716280     0.323907
                              0.772218     0.740895
    8.1 A     1  2px          0.212032     1.000000
    9.1 A     1  2py          0.212032     1.000000
   10.1 A     1  2pz          0.212032     1.000000
   11.1 A     1  2px          0.063900     1.000000
   12.1 A     1  2py          0.063900     1.000000
   13.1 A     1  2pz          0.063900     1.000000
   14.1 A     1  3d0          1.600000     1.000000
   15.1 A     1  3d2-         1.600000     1.000000
   16.1 A     1  3d1+         1.600000     1.000000
   17.1 A     1  3d2+         1.600000     1.000000
   18.1 A     1  3d1-         1.600000     1.000000
   19.1 A     1  3d0          0.400000     1.000000
   20.1 A     1  3d2-         0.400000     1.000000
   21.1 A     1  3d1+         0.400000     1.000000
   22.1 A     1  3d2+         0.400000     1.000000
   23.1 A     1  3d1-         0.400000     1.000000
   24.1 A     2  1s        4173.511500     0.001835
                            627.457910     0.013995
                            142.902090     0.068587
                             40.234329     0.232241
                             12.820213     0.469070
                              4.390437     0.360455
   25.1 A     2  1s          11.626362    -0.114961
                              2.716280    -0.169117
                              0.772218     1.145852
   26.1 A     2  1s           0.212032     1.000000
   27.1 A     2  1s           0.063900     1.000000
   28.1 A     2  2px         11.626362     0.067580
                              2.716280     0.323907
                              0.772218     0.740895
   29.1 A     2  2py         11.626362     0.067580
                              2.716280     0.323907
                              0.772218     0.740895
   30.1 A     2  2pz         11.626362     0.067580
                              2.716280     0.323907
                              0.772218     0.740895
   31.1 A     2  2px          0.212032     1.000000
   32.1 A     2  2py          0.212032     1.000000
   33.1 A     2  2pz          0.212032     1.000000
   34.1 A     2  2px          0.063900     1.000000
   35.1 A     2  2py          0.063900     1.000000
   36.1 A     2  2pz          0.063900     1.000000
   37.1 A     2  3d0          1.600000     1.000000
   38.1 A     2  3d2-         1.600000     1.000000
   39.1 A     2  3d1+         1.600000     1.000000
   40.1 A     2  3d2+         1.600000     1.000000
   41.1 A     2  3d1-         1.600000     1.000000
   42.1 A     2  3d0          0.400000     1.000000
   43.1 A     2  3d2-         0.400000     1.000000
   44.1 A     2  3d1+         0.400000     1.000000
   45.1 A     2  3d2+         0.400000     1.000000
   46.1 A     2  3d1-         0.400000     1.000000

 NUCLEAR CHARGE:                   14
 NUMBER OF PRIMITIVE AOS:          76
 NUMBER OF SYMMETRY AOS:           72
 NUMBER OF CONTRACTIONS:           46   (  46A   )
 NUMBER OF CORE ORBITALS:           2   (   2A   )
 NUMBER OF VALENCE ORBITALS:        8   (   8A   )


 NUCLEAR REPULSION ENERGY   23.33666095

 EXTRA SYMMETRY OF AOS IN SYMMETRY 1:   1 1 1 1 2 3 1 2 3 1   2 3 1 1 4 2 5 3 1 4   2 5 3 1 1 1 1 2 3 1   2 3 1 2 3 1 1 4 2 5
                                        3 1 4 2 5 3

 Eigenvalues of metric

         1 0.250E-03 0.145E-02 0.346E-01 0.346E-01 0.568E-01 0.105E+00 0.110E+00 0.110E+00


 Contracted 2-electron integrals neglected if value below      1.0D-11
 AO integral compression algorithm  1   Integral accuracy      1.0D-11

     1.835 MB (compressed) written to integral file ( 23.4%)

     Node minimum: 0.262 MB, node maximum: 0.524 MB


 NUMBER OF SORTED TWO-ELECTRON INTEGRALS:     146340.     BUFFER LENGTH:  32768
 NUMBER OF SEGMENTS:   1  SEGMENT LENGTH:     146340      RECORD LENGTH: 524288

 Memory used in sort:       0.70 MW

 SORT1 READ      893019. AND WROTE       32044. INTEGRALS IN      1 RECORDS. CPU TIME:     0.01 SEC, REAL TIME:     0.02 SEC
 SORT2 READ      129929. AND WROTE      584821. INTEGRALS IN      8 RECORDS. CPU TIME:     0.01 SEC, REAL TIME:     0.01 SEC

 Node minimum:      145800.  Node maximum:      146611. integrals

 OPERATOR DM      FOR CENTER  0  COORDINATES:    0.000000    0.000000    0.000000

 PROGRAM * MULTI (Direct Multiconfiguration SCF)       Authors: P.J. Knowles, H.-J. Werner (1984)     S.T. Elbert (1988)



 Number of closed-shell orbitals:   2 (   2 )
 Number of active  orbitals:        8 (   8 )
 Number of external orbitals:      36 (  36 )

 State symmetry 1

 Number of electrons:    10    Spin symmetry=Singlet   Space symmetry=1
 Number of states:        1
 Number of CSFs:       1176   (3136 determinants, 3136 intermediate states)

 Molecular orbitals read from record     2140.2  Type=MCSCF/NATURAL (state 1.1)

 EXTRA SYMMETRY OF MOS IN SYMMETRY 1:   1 1 1 1 1 3 2 2 3 1   1 1 3 2 2 3 1 1 1 4   5 1 2 3 2 3 1 3 2 5   4 1 2 3 1 1 2 3 1 4
                                        5 4 5 3 2 1

 Wavefunction dump at record             2140.2

 Convergence thresholds  0.10E-04 (gradient)  0.10E-07 (energy)  0.10E-02 (step length)

 Number of orbital rotations:      376   (    16 Core/Active     72 Core/Virtual   0 Active/Active    288 Active/Virtual)
 Total number of variables:       3512


 ITER. MIC  NCI  NEG     ENERGY(VAR)     ENERGY(PROJ)   ENERGY CHANGE     GRAD(0)  GRAD(ORB)   GRAD(CI)     STEP       TIME

   1   19   23    0    -109.10008077    -109.10008081   -0.00000004    0.00043810 0.00000000 0.00000009  0.13D-03      0.09
   2   20   10    0    -109.10008081    -109.10008081    0.00000000    0.00000001 0.00000000 0.00000000  0.36D-07      0.14

 ** WVFN ****  CONVERGENCE REACHED, FINAL GRADIENT:  0.19D-09

 Gradient information for state 1.1 saved on record      5000.1


 First order charge density matrix for state 1.1 saved on record  2140.2 (density set 1)

 Results for state 1.1
 =====================

 !MCSCF STATE 1.1 Energy             -109.100080804916
 Nuclear energy                        23.33666095
 Kinetic energy                       108.86938278
 One electron energy                 -193.77874851
 Two electron energy                   61.34200675
 Virial ratio                           2.00211903

 !MCSCF STATE 1.1 Dipole moment         0.00000000     0.00000000     0.00000000
 Dipole moment /Debye                   0.00000000     0.00000000     0.00000000


 NATURAL ORBITALS
 ================

   Orb     Occ        Energy       Coefficients

                                   1 1s      1 1s      1 1s      1 1s      1 2px     1 2py     1 2pz     1 2px     1 2py     1 2pz  
                                   1 2px     1 2py     1 2pz     1 3d0     1 3d2-    1 3d1+    1 3d2+    1 3d1-    1 3d0     1 3d2- 
                                   1 3d1+    1 3d2+    1 3d1-    2 1s      2 1s      2 1s      2 1s      2 2px     2 2py     2 2pz  
                                   2 2px     2 2py     2 2pz     2 2px     2 2py     2 2pz     2 3d0     2 3d2-    2 3d1+    2 3d2+ 
                                   2 3d1-    2 3d0     2 3d2-    2 3d1+    2 3d2+    2 3d1- 

   1.1  2.00000   -15.648866     0.707886  0.008949 -0.024903  0.041112  0.000000  0.000000  0.007357  0.000000  0.000000 -0.001951
                                 0.000000  0.000000  0.011003  0.001043  0.000000  0.000000  0.000000  0.000000  0.000484  0.000000
                                 0.000000  0.000000  0.000000 -0.707886 -0.008949  0.024903 -0.041112  0.000000  0.000000  0.007357
                                 0.000000  0.000000 -0.001951  0.000000  0.000000  0.011003 -0.001043  0.000000  0.000000  0.000000
                                 0.000000 -0.000484  0.000000  0.000000  0.000000  0.000000

   2.1  2.00000   -15.626595     0.710354  0.003177 -0.021964 -0.000253  0.000000  0.000000  0.012222  0.000000  0.000000  0.003759
                                 0.000000  0.000000  0.001617  0.000654  0.000000  0.000000  0.000000  0.000000 -0.002018  0.000000
                                 0.000000  0.000000  0.000000  0.710354  0.003177 -0.021964 -0.000253  0.000000  0.000000 -0.012222
                                 0.000000  0.000000 -0.003759  0.000000  0.000000 -0.001617  0.000654  0.000000  0.000000  0.000000
                                 0.000000 -0.002018  0.000000  0.000000  0.000000  0.000000

   3.1  1.99594    -1.119444    -0.120923  0.322189  0.340002  0.020230 -0.000000  0.000000 -0.137720 -0.000000  0.000000 -0.100687
                                -0.000000  0.000000 -0.008344  0.002629  0.000000 -0.000000  0.000000  0.000000  0.004779  0.000000
                                -0.000000  0.000000  0.000000 -0.120923  0.322189  0.340002  0.020230 -0.000000  0.000000  0.137720
                                -0.000000  0.000000  0.100687 -0.000000  0.000000  0.008344  0.002629  0.000000  0.000000  0.000000
                                -0.000000  0.004779  0.000000  0.000000  0.000000 -0.000000

   4.1  1.98968    -0.774937    -0.128905  0.335434  0.488522 -0.290487 -0.000000  0.000000 -0.207919 -0.000000  0.000000 -0.072018
                                -0.000000  0.000000 -0.087955 -0.005241  0.000000 -0.000000  0.000000  0.000000 -0.007474  0.000000
                                -0.000000  0.000000  0.000000  0.128905 -0.335434 -0.488522  0.290487 -0.000000  0.000000 -0.207919
                                -0.000000  0.000000 -0.072018 -0.000000  0.000000 -0.087955  0.005241  0.000000  0.000000  0.000000
                                -0.000000  0.007474  0.000000  0.000000  0.000000 -0.000000

   5.1  1.98157    -0.969832    -0.069944  0.146008 -0.077399 -0.039761 -0.000000  0.000000  0.494099 -0.000000  0.000000  0.159802
                                -0.000000  0.000000  0.000224  0.025846  0.000000 -0.000000  0.000000  0.000000  0.009064  0.000000
                                -0.000000  0.000000  0.000000 -0.069944  0.146008 -0.077399 -0.039761 -0.000000  0.000000 -0.494099
                                -0.000000  0.000000 -0.159802 -0.000000  0.000000 -0.000224  0.025846  0.000000  0.000000  0.000000
                                -0.000000  0.009064  0.000000  0.000000  0.000000 -0.000000

   6.1  1.93888    -0.585373     0.000000 -0.000000 -0.000000  0.000000 -0.081183  0.439057  0.000000 -0.041753  0.225810  0.000000
                                -0.001509  0.008161  0.000000  0.000000  0.000000 -0.004128  0.000000  0.022323  0.000000  0.000000
                                -0.006353  0.000000  0.034358 -0.000000  0.000000  0.000000 -0.000000 -0.081183  0.439057  0.000000
                                -0.041753  0.225810  0.000000 -0.001509  0.008161  0.000000 -0.000000  0.000000  0.004128  0.000000
                                -0.022323 -0.000000  0.000000  0.006353  0.000000 -0.034358

   7.1  1.93888    -0.585373     0.000000 -0.000000 -0.000000  0.000000  0.439057  0.081183  0.000000  0.225810  0.041753  0.000000
                                 0.008161  0.001509  0.000000  0.000000  0.000000  0.022323  0.000000  0.004128  0.000000  0.000000
                                 0.034358  0.000000  0.006353 -0.000000  0.000000  0.000000 -0.000000  0.439057  0.081183  0.000000
                                 0.225810  0.041753  0.000000  0.008161  0.001509  0.000000 -0.000000  0.000000 -0.022323  0.000000
                                -0.004128 -0.000000  0.000000 -0.034358  0.000000 -0.006353

   8.1  0.06744     0.276703     0.000000 -0.000000 -0.000000  0.000000  0.676487 -0.022145 -0.000000  0.237002 -0.007758 -0.000000
                                -0.037009  0.001212  0.000000  0.000000  0.000000  0.002907  0.000000 -0.000095  0.000000  0.000000
                                 0.008463  0.000000 -0.000277 -0.000000  0.000000  0.000000 -0.000000 -0.676487  0.022145 -0.000000
                                -0.237002  0.007758 -0.000000  0.037009 -0.001212  0.000000 -0.000000  0.000000  0.002907  0.000000
                                -0.000095 -0.000000  0.000000  0.008463  0.000000 -0.000277

   9.1  0.06744     0.276703     0.000000 -0.000000 -0.000000  0.000000 -0.022145 -0.676487 -0.000000 -0.007758 -0.237002 -0.000000
                                 0.001212  0.037009  0.000000  0.000000  0.000000 -0.000095  0.000000 -0.002907  0.000000  0.000000
                                -0.000277  0.000000 -0.008463 -0.000000  0.000000  0.000000 -0.000000  0.022145  0.676487 -0.000000
                                 0.007758  0.237002 -0.000000 -0.001212 -0.037009  0.000000 -0.000000  0.000000 -0.000095  0.000000
                                -0.002907 -0.000000  0.000000 -0.000277  0.000000 -0.008463

  10.1  0.02017     1.170202    -0.090963  0.540250  0.583983 -0.363175 -0.000000  0.000000  0.890511 -0.000000  0.000000  0.299163
                                -0.000000  0.000000 -0.105242  0.004505  0.000000 -0.000000  0.000000  0.000000  0.003978  0.000000
                                -0.000000  0.000000  0.000000  0.090963 -0.540250 -0.583983  0.363175 -0.000000  0.000000  0.890511
                                -0.000000  0.000000  0.299163 -0.000000  0.000000 -0.105242 -0.004505  0.000000  0.000000  0.000000
                                -0.000000 -0.003978  0.000000  0.000000  0.000000 -0.000000

 *** IN SYMMETRY 1 ORBITAL  6 SYMMETRY CONTAMINATION OF 0.156D+00 HAS BEEN REMOVED
 *** IN SYMMETRY 1 ORBITAL  7 SYMMETRY CONTAMINATION OF 0.156D+00 HAS BEEN REMOVED
 *** IN SYMMETRY 1 ORBITAL  8 SYMMETRY CONTAMINATION OF 0.317D-01 HAS BEEN REMOVED
 *** IN SYMMETRY 1 ORBITAL  9 SYMMETRY CONTAMINATION OF 0.317D-01 HAS BEEN REMOVED

 EXTRA SYMMETRY OF MOS IN SYMMETRY 1:   1 1 1 1 1 3 2 2 3 1   1 1 2 3 3 2 1 1 1 4   5 1 2 3 2 3 1 2 3 4   5 1 2 3 1 1 3 2 1 4
                                        5 4 5 3 2 1

 Natural orbital dump at molpro section  2140.2    (Orbital set 2)


 CI vector
 =========

 22222000      0.9620782
 22202020     -0.1172165
 22220200     -0.1172165
 222baba0     -0.0748174
 222abab0     -0.0748174

 TOTAL ENERGIES                      -109.10008080



 **********************************************************************************************************************************
 DATASETS  * FILE   NREC   LENGTH (MB)   RECORD NAMES
              1      20       21.40       500      610      700      900      950      970     1000      129      960     1100   
                                          VAR    BASINP    GEOM    SYMINP    ZMAT    AOBASIS   BASIS     P2S    ABASIS      S 
                                         1400     1410     1200     1210     1080     1600     1650     1700     1380     5000   
                                           T        V       H0       H01     AOSYM     SMH    MOLCAS    OPER     JKOP    MCGRAD    

              2       5        5.38       700     1000      520     2100     2140   
                                         GEOM     BASIS   MCVARS     RHF     MCSCF   

 PROGRAMS   *        TOTAL     MULTI     MULTI        HF       INT
 CPU TIMES  *         4.73      0.31      0.47      0.06      0.19
 REAL TIME  *         5.63 SEC
 DISK USED  *       124.95 MB      
 SF USED    *        10.33 MB      
 GA USED    *         0.00 MB       (max)       0.00 MB       (current)
 **********************************************************************************************************************************

 PROGRESS OF GEOMETRY OPTIMIZATION.    TOTAL CPU:         3.9 SEC
   1  -109.09885297  -109.10005759    -0.00120461  0.06301850  0.06301850  0.06301850  0.04566744  0.04566744  0.04566744
   2  -109.10005759  -109.10008067    -0.00002308  0.00816229  0.00816229  0.00816229  0.00523653  0.00523653  0.00523653
   3  -109.10008067  -109.10008080    -0.00000014  0.00062813  0.00062813  0.00062813  0.00043658  0.00043658  0.00043658

 **********************************************************************************************************************************

 Current geometry (xyz format, in Angstrom)

    2
 MULTI000/6-31++G(2D,2P)  ENERGY=-109.10008080
 N          0.0000000000        0.0000000000       -0.5555568423
 N          0.0000000000        0.0000000000        0.5555568423

 **********************************************************************************************************************************

 Current variables
 R=                   2.09970056 BOHR

 **********************************************************************************************************************************

 PROGRAM * ALASKA (Gradient of the energy)     Author: R. Lindh

 MCSCF information from       5000.1
 Orbitals from record         2140.2

 Number of closed-shell orbitals:  2 (  2 )
 Number of active orbitals:        8 (  8 )
 Number of occupied orbitals:     10 ( 10 )

 Number of electrons= 14     Singlet     Space symmetry=1      Wavefunction type: MCSCF           


 MC GRADIENT FOR STATE 1.1

 Atom          dE/dx               dE/dy               dE/dz

   1         0.000000000         0.000000000         0.000007038
   2        -0.000000000        -0.000000000        -0.000007038

 Nuclear force contribution to virial =        -0.000014778
 Reading points  1 to  4 from record 700.2,  wavefunction type=MULTI000        

 Making model hessian for Z-matrix coordinates
 BFGS update of hessian using  3 points

 Entering Rational Function Geometry Optimization

 Optimization point 4

 Variable                      Last           Current        Next           Gradient       Hessian

 E(MULTI000) / Hartree    -109.10008067  -109.10008080  -109.10008080
 R / BOHR                    2.10013713     2.09970056     2.09970539    -0.00000704     1.45488948
 Convergence:                0.00000000  (line search)     0.00000484     0.00000704  (total)

 Geometry written to block  5 of record 700


 Recomputing integrals since geometry changed


 PROGRAM * SEWARD (Integral evaluation for generally contracted gaussian basis sets)     Author: Roland Lindh, 1990

 Geometry written to block  5 of record 700

 Orientation using atomic masses  
 Molecule type: Linear
 Rotational constants:      58.4510563     58.4510563      0.0000000 GHz  (calculated with average atomic masses)

 Point group  C1  



 ATOMIC COORDINATES

 NR  ATOM    CHARGE       X              Y              Z

   1  N1      7.00    0.000000000    0.000000000   -1.049852697
   2  N2      7.00    0.000000000    0.000000000    1.049852697

 Bond lengths in Bohr (Angstrom)

 1-2  2.099705395
     ( 1.111116245)


 BASIS DATA

   Nr Sym  Nuc  Type         Exponents   Contraction coefficients

    1.1 A     1  1s        4173.511500     0.001835
                            627.457910     0.013995
                            142.902090     0.068587
                             40.234329     0.232241
                             12.820213     0.469070
                              4.390437     0.360455
    2.1 A     1  1s          11.626362    -0.114961
                              2.716280    -0.169117
                              0.772218     1.145852
    3.1 A     1  1s           0.212032     1.000000
    4.1 A     1  1s           0.063900     1.000000
    5.1 A     1  2px         11.626362     0.067580
                              2.716280     0.323907
                              0.772218     0.740895
    6.1 A     1  2py         11.626362     0.067580
                              2.716280     0.323907
                              0.772218     0.740895
    7.1 A     1  2pz         11.626362     0.067580
                              2.716280     0.323907
                              0.772218     0.740895
    8.1 A     1  2px          0.212032     1.000000
    9.1 A     1  2py          0.212032     1.000000
   10.1 A     1  2pz          0.212032     1.000000
   11.1 A     1  2px          0.063900     1.000000
   12.1 A     1  2py          0.063900     1.000000
   13.1 A     1  2pz          0.063900     1.000000
   14.1 A     1  3d0          1.600000     1.000000
   15.1 A     1  3d2-         1.600000     1.000000
   16.1 A     1  3d1+         1.600000     1.000000
   17.1 A     1  3d2+         1.600000     1.000000
   18.1 A     1  3d1-         1.600000     1.000000
   19.1 A     1  3d0          0.400000     1.000000
   20.1 A     1  3d2-         0.400000     1.000000
   21.1 A     1  3d1+         0.400000     1.000000
   22.1 A     1  3d2+         0.400000     1.000000
   23.1 A     1  3d1-         0.400000     1.000000
   24.1 A     2  1s        4173.511500     0.001835
                            627.457910     0.013995
                            142.902090     0.068587
                             40.234329     0.232241
                             12.820213     0.469070
                              4.390437     0.360455
   25.1 A     2  1s          11.626362    -0.114961
                              2.716280    -0.169117
                              0.772218     1.145852
   26.1 A     2  1s           0.212032     1.000000
   27.1 A     2  1s           0.063900     1.000000
   28.1 A     2  2px         11.626362     0.067580
                              2.716280     0.323907
                              0.772218     0.740895
   29.1 A     2  2py         11.626362     0.067580
                              2.716280     0.323907
                              0.772218     0.740895
   30.1 A     2  2pz         11.626362     0.067580
                              2.716280     0.323907
                              0.772218     0.740895
   31.1 A     2  2px          0.212032     1.000000
   32.1 A     2  2py          0.212032     1.000000
   33.1 A     2  2pz          0.212032     1.000000
   34.1 A     2  2px          0.063900     1.000000
   35.1 A     2  2py          0.063900     1.000000
   36.1 A     2  2pz          0.063900     1.000000
   37.1 A     2  3d0          1.600000     1.000000
   38.1 A     2  3d2-         1.600000     1.000000
   39.1 A     2  3d1+         1.600000     1.000000
   40.1 A     2  3d2+         1.600000     1.000000
   41.1 A     2  3d1-         1.600000     1.000000
   42.1 A     2  3d0          0.400000     1.000000
   43.1 A     2  3d2-         0.400000     1.000000
   44.1 A     2  3d1+         0.400000     1.000000
   45.1 A     2  3d2+         0.400000     1.000000
   46.1 A     2  3d1-         0.400000     1.000000

 NUCLEAR CHARGE:                   14
 NUMBER OF PRIMITIVE AOS:          76
 NUMBER OF SYMMETRY AOS:           72
 NUMBER OF CONTRACTIONS:           46   (  46A   )
 NUMBER OF CORE ORBITALS:           2   (   2A   )
 NUMBER OF VALENCE ORBITALS:        8   (   8A   )


 NUCLEAR REPULSION ENERGY   23.33660718

 EXTRA SYMMETRY OF AOS IN SYMMETRY 1:   1 1 1 1 2 3 1 2 3 1   2 3 1 1 4 2 5 3 1 4   2 5 3 1 1 1 1 2 3 1   2 3 1 2 3 1 1 4 2 5
                                        3 1 4 2 5 3

 Eigenvalues of metric

         1 0.250E-03 0.145E-02 0.346E-01 0.346E-01 0.568E-01 0.105E+00 0.110E+00 0.110E+00


 Contracted 2-electron integrals neglected if value below      1.0D-11
 AO integral compression algorithm  1   Integral accuracy      1.0D-11

     2.097 MB (compressed) written to integral file ( 19.7%)

     Node minimum: 0.524 MB, node maximum: 0.524 MB


 NUMBER OF SORTED TWO-ELECTRON INTEGRALS:     146340.     BUFFER LENGTH:  32768
 NUMBER OF SEGMENTS:   1  SEGMENT LENGTH:     146340      RECORD LENGTH: 524288

 Memory used in sort:       0.70 MW

 SORT1 READ      893019. AND WROTE       32044. INTEGRALS IN      1 RECORDS. CPU TIME:     0.01 SEC, REAL TIME:     0.01 SEC
 SORT2 READ      129929. AND WROTE      584821. INTEGRALS IN      8 RECORDS. CPU TIME:     0.01 SEC, REAL TIME:     0.01 SEC

 Node minimum:      145800.  Node maximum:      146611. integrals

 OPERATOR DM      FOR CENTER  0  COORDINATES:    0.000000    0.000000    0.000000

 PROGRAM * MULTI (Direct Multiconfiguration SCF)       Authors: P.J. Knowles, H.-J. Werner (1984)     S.T. Elbert (1988)



 Number of closed-shell orbitals:   2 (   2 )
 Number of active  orbitals:        8 (   8 )
 Number of external orbitals:      36 (  36 )

 State symmetry 1

 Number of electrons:    10    Spin symmetry=Singlet   Space symmetry=1
 Number of states:        1
 Number of CSFs:       1176   (3136 determinants, 3136 intermediate states)

 Molecular orbitals read from record     2140.2  Type=MCSCF/NATURAL (state 1.1)

 EXTRA SYMMETRY OF MOS IN SYMMETRY 1:   1 1 1 1 1 3 2 2 3 1   1 1 2 3 3 2 1 1 1 4   5 1 2 3 2 3 1 2 3 4   5 1 2 3 1 1 3 2 1 4
                                        5 4 5 3 2 1

 Wavefunction dump at record             2140.2

 Convergence thresholds  0.10E-04 (gradient)  0.10E-07 (energy)  0.10E-02 (step length)

 Number of orbital rotations:      376   (    16 Core/Active     72 Core/Virtual   0 Active/Active    288 Active/Virtual)
 Total number of variables:       3512


 ITER. MIC  NCI  NEG     ENERGY(VAR)     ENERGY(PROJ)   ENERGY CHANGE     GRAD(0)  GRAD(ORB)   GRAD(CI)     STEP       TIME

   1   30   16    0    -109.10008081    -109.10008081   -0.00000000    0.00000486 0.00000000 0.00000005  0.14D-05      0.06

 ** WVFN ****  CONVERGENCE REACHED, FINAL GRADIENT:  0.54D-08

 Gradient information for state 1.1 saved on record      5000.1


 First order charge density matrix for state 1.1 saved on record  2140.2 (density set 1)

 Results for state 1.1
 =====================

 !MCSCF STATE 1.1 Energy             -109.100080805284
 Nuclear energy                        23.33660718
 Kinetic energy                       108.86936885
 One electron energy                 -193.77864460
 Two electron energy                   61.34195662
 Virial ratio                           2.00211916

 !MCSCF STATE 1.1 Dipole moment         0.00000000     0.00000000     0.00000000
 Dipole moment /Debye                   0.00000000     0.00000000     0.00000000


 NATURAL ORBITALS
 ================

   Orb     Occ        Energy       Coefficients

                                   1 1s      1 1s      1 1s      1 1s      1 2px     1 2py     1 2pz     1 2px     1 2py     1 2pz  
                                   1 2px     1 2py     1 2pz     1 3d0     1 3d2-    1 3d1+    1 3d2+    1 3d1-    1 3d0     1 3d2- 
                                   1 3d1+    1 3d2+    1 3d1-    2 1s      2 1s      2 1s      2 1s      2 2px     2 2py     2 2pz  
                                   2 2px     2 2py     2 2pz     2 2px     2 2py     2 2pz     2 3d0     2 3d2-    2 3d1+    2 3d2+ 
                                   2 3d1-    2 3d0     2 3d2-    2 3d1+    2 3d2+    2 3d1- 

   1.1  2.00000   -15.648867     0.707886  0.008949 -0.024903  0.041111  0.000000  0.000000  0.007357  0.000000  0.000000 -0.001951
                                 0.000000  0.000000  0.011003  0.001043  0.000000  0.000000  0.000000  0.000000  0.000484  0.000000
                                 0.000000  0.000000  0.000000 -0.707886 -0.008949  0.024903 -0.041111  0.000000  0.000000  0.007357
                                 0.000000  0.000000 -0.001951  0.000000  0.000000  0.011003 -0.001043  0.000000  0.000000  0.000000
                                 0.000000 -0.000484  0.000000  0.000000  0.000000  0.000000

   2.1  2.00000   -15.626596     0.710354  0.003177 -0.021964 -0.000253  0.000000  0.000000  0.012222  0.000000  0.000000  0.003759
                                 0.000000  0.000000  0.001617  0.000654  0.000000  0.000000  0.000000  0.000000 -0.002018  0.000000
                                 0.000000  0.000000  0.000000  0.710354  0.003177 -0.021964 -0.000253  0.000000  0.000000 -0.012222
                                 0.000000  0.000000 -0.003759  0.000000  0.000000 -0.001617  0.000654  0.000000  0.000000  0.000000
                                 0.000000 -0.002018  0.000000  0.000000  0.000000  0.000000

   3.1  1.99594    -1.119444    -0.120923  0.322189  0.340002  0.020229  0.000000  0.000000 -0.137719  0.000000  0.000000 -0.100687
                                 0.000000  0.000000 -0.008344  0.002629  0.000000  0.000000  0.000000  0.000000  0.004779  0.000000
                                 0.000000  0.000000  0.000000 -0.120923  0.322189  0.340002  0.020229  0.000000  0.000000  0.137719
                                 0.000000  0.000000  0.100687  0.000000  0.000000  0.008344  0.002629  0.000000  0.000000  0.000000
                                 0.000000  0.004779  0.000000  0.000000  0.000000  0.000000

   4.1  1.98968    -0.774937    -0.128905  0.335435  0.488522 -0.290486  0.000000  0.000000 -0.207918  0.000000  0.000000 -0.072017
                                 0.000000  0.000000 -0.087955 -0.005241  0.000000  0.000000  0.000000  0.000000 -0.007474  0.000000
                                 0.000000  0.000000  0.000000  0.128905 -0.335435 -0.488522  0.290486  0.000000  0.000000 -0.207918
                                 0.000000  0.000000 -0.072017  0.000000  0.000000 -0.087955  0.005241  0.000000  0.000000  0.000000
                                 0.000000  0.007474  0.000000  0.000000  0.000000  0.000000

   5.1  1.98157    -0.969829    -0.069944  0.146007 -0.077399 -0.039761  0.000000  0.000000  0.494099  0.000000  0.000000  0.159803
                                 0.000000  0.000000  0.000224  0.025846  0.000000  0.000000  0.000000  0.000000  0.009064  0.000000
                                 0.000000  0.000000  0.000000 -0.069944  0.146007 -0.077399 -0.039761  0.000000  0.000000 -0.494099
                                 0.000000  0.000000 -0.159803  0.000000  0.000000 -0.000224  0.025846  0.000000  0.000000  0.000000
                                 0.000000  0.009064  0.000000  0.000000  0.000000  0.000000

   6.1  1.93888    -0.585372     0.000000  0.000000  0.000000  0.000000  0.446499  0.000000  0.000000  0.229638  0.000000  0.000000
                                 0.008300  0.000000  0.000000  0.000000  0.000000  0.022701  0.000000  0.000000  0.000000  0.000000
                                 0.034940  0.000000  0.000000  0.000000  0.000000  0.000000  0.000000  0.446499  0.000000  0.000000
                                 0.229638  0.000000  0.000000  0.008300  0.000000  0.000000  0.000000  0.000000 -0.022701  0.000000
                                 0.000000  0.000000  0.000000 -0.034940  0.000000  0.000000

   7.1  1.93888    -0.585372     0.000000  0.000000  0.000000  0.000000  0.000000  0.446499  0.000000  0.000000  0.229638  0.000000
                                 0.000000  0.008300  0.000000  0.000000  0.000000  0.000000  0.000000  0.022701  0.000000  0.000000
                                 0.000000  0.000000  0.034940  0.000000  0.000000  0.000000  0.000000  0.000000  0.446499  0.000000
                                 0.000000  0.229638  0.000000  0.000000  0.008300  0.000000  0.000000  0.000000  0.000000  0.000000
                                -0.022701  0.000000  0.000000  0.000000  0.000000 -0.034940

   8.1  0.06744     0.276701     0.000000  0.000000  0.000000  0.000000  0.000000 -0.676849  0.000000  0.000000 -0.237130  0.000000
                                 0.000000  0.037029  0.000000  0.000000  0.000000  0.000000  0.000000 -0.002909  0.000000  0.000000
                                 0.000000  0.000000 -0.008468  0.000000  0.000000  0.000000  0.000000  0.000000  0.676849  0.000000
                                 0.000000  0.237130  0.000000  0.000000 -0.037029  0.000000  0.000000  0.000000  0.000000  0.000000
                                -0.002909  0.000000  0.000000  0.000000  0.000000 -0.008468

   9.1  0.06744     0.276701     0.000000  0.000000  0.000000  0.000000  0.676849  0.000000  0.000000  0.237130  0.000000  0.000000
                                -0.037029  0.000000  0.000000  0.000000  0.000000  0.002909  0.000000  0.000000  0.000000  0.000000
                                 0.008468  0.000000  0.000000  0.000000  0.000000  0.000000  0.000000 -0.676849  0.000000  0.000000
                                -0.237130  0.000000  0.000000  0.037029  0.000000  0.000000  0.000000  0.000000  0.002909  0.000000
                                 0.000000  0.000000  0.000000  0.008468  0.000000  0.000000

  10.1  0.02017     1.170194    -0.090963  0.540247  0.583981 -0.363173  0.000000  0.000000  0.890508  0.000000  0.000000  0.299163
                                 0.000000  0.000000 -0.105242  0.004505  0.000000  0.000000  0.000000  0.000000  0.003978  0.000000
                                 0.000000  0.000000  0.000000  0.090963 -0.540247 -0.583981  0.363173  0.000000  0.000000  0.890508
                                 0.000000  0.000000  0.299163  0.000000  0.000000 -0.105242 -0.004505  0.000000  0.000000  0.000000
                                 0.000000 -0.003978  0.000000  0.000000  0.000000  0.000000


 EXTRA SYMMETRY OF MOS IN SYMMETRY 1:   1 1 1 1 1 2 3 3 2 1   1 1 3 2 2 3 1 1 1 4   5 1 3 2 3 2 1 3 2 4   5 1 2 3 1 1 3 2 1 4
                                        5 4 5 3 2 1

 Natural orbital dump at molpro section  2140.2    (Orbital set 2)


 CI vector
 =========

 22222000      0.9620779
 22220200     -0.1222512
 22202020     -0.1222512
 222abab0     -0.0798519
 222baba0     -0.0798519

 TOTAL ENERGIES                      -109.10008081



 **********************************************************************************************************************************
 DATASETS  * FILE   NREC   LENGTH (MB)   RECORD NAMES
              1      20       21.40       500      610      700      900      950      970     1000      129      960     1100   
                                          VAR    BASINP    GEOM    SYMINP    ZMAT    AOBASIS   BASIS     P2S    ABASIS      S 
                                         1400     1410     1200     1210     1080     1600     1650     1700     1380     5000   
                                           T        V       H0       H01     AOSYM     SMH    MOLCAS    OPER     JKOP    MCGRAD    

              2       5        5.38       700     1000      520     2100     2140   
                                         GEOM     BASIS   MCVARS     RHF     MCSCF   

 PROGRAMS   *        TOTAL     MULTI     MULTI        HF       INT
 CPU TIMES  *         6.00      0.22      0.47      0.06      0.19
 REAL TIME  *         6.95 SEC
 DISK USED  *       124.95 MB      
 SF USED    *        10.33 MB      
 GA USED    *         0.00 MB       (max)       0.00 MB       (current)
 **********************************************************************************************************************************

 PROGRESS OF GEOMETRY OPTIMIZATION.    TOTAL CPU:         5.2 SEC
   1  -109.09885297  -109.10005759    -0.00120461  0.06301850  0.06301850  0.06301850  0.04566744  0.04566744  0.04566744
   2  -109.10005759  -109.10008067    -0.00002308  0.00816229  0.00816229  0.00816229  0.00523653  0.00523653  0.00523653
   3  -109.10008067  -109.10008080    -0.00000014  0.00062813  0.00062813  0.00062813  0.00043658  0.00043658  0.00043658
   4  -109.10008080  -109.10008081    -0.00000000  0.00000704  0.00000704  0.00000704  0.00000484  0.00000484  0.00000484

 **********************************************************************************************************************************

 Current geometry (xyz format, in Angstrom)

    2
 MULTI000/6-31++G(2D,2P)  ENERGY=-109.10008081
 N          0.0000000000        0.0000000000       -0.5555581223
 N          0.0000000000        0.0000000000        0.5555581223

 **********************************************************************************************************************************

 Current variables
 R=                   2.09970539 BOHR

 **********************************************************************************************************************************
